This file contains any messages produced by compilers while
running configure, to aid debugging if configure makes a mistake.

It was created by Zenity configure 2.20.1, which was
generated by GNU Autoconf 2.69.  Invocation command line was

  $ ./configure --prefix=/usr

## --------- ##
## Platform. ##
## --------- ##

hostname = smerkous-chromebook
uname -m = x86_64
uname -r = 4.4.6-galliumos
uname -s = Linux
uname -v = #2 SMP PREEMPT Fri Apr 29 13:30:57 MDT 2016

/usr/bin/uname -p = unknown
/bin/uname -X     = unknown

/bin/arch              = unknown
/usr/bin/arch -k       = unknown
/usr/convex/getsysinfo = unknown
/usr/bin/hostinfo      = unknown
/bin/machine           = unknown
/usr/bin/oslevel       = unknown
/bin/universe          = unknown

PATH: /usr/local/sbin
PATH: /usr/local/bin
PATH: /usr/sbin
PATH: /usr/bin
PATH: /sbin
PATH: /bin
PATH: /usr/games
PATH: /usr/local/games


## ----------- ##
## Core tests. ##
## ----------- ##

configure:2329: checking for a BSD-compatible install
configure:2397: result: /usr/bin/install -c
configure:2408: checking whether build environment is sane
configure:2463: result: yes
configure:2614: checking for a thread-safe mkdir -p
configure:2653: result: /bin/mkdir -p
configure:2660: checking for gawk
configure:2676: found /usr/bin/gawk
configure:2687: result: gawk
configure:2698: checking whether make sets $(MAKE)
configure:2720: result: yes
configure:2749: checking whether make supports nested variables
configure:2766: result: yes
configure:2903: checking whether ln -s works
configure:2907: result: yes
configure:2968: checking for pkg-config
configure:2986: found /usr/bin/pkg-config
configure:2998: result: /usr/bin/pkg-config
configure:3023: checking pkg-config is at least version 0.9.0
configure:3026: result: yes
configure:3042: checking gnome-doc-utils >= 0.3.2
configure:3045: $PKG_CONFIG --exists --print-errors "gnome-doc-utils >= $gdu_cv_version_required"
configure:3048: $? = 0
configure:3056: result: yes
configure:3130: checking whether to enable maintainer-specific portions of Makefiles
configure:3139: result: no
configure:3154: checking whether NLS is requested
configure:3163: result: yes
configure:3181: checking for intltool >= 0.35.0
configure:3183: result: 0.51.0 found
configure:3191: checking for intltool-update
configure:3209: found /usr/bin/intltool-update
configure:3221: result: /usr/bin/intltool-update
configure:3231: checking for intltool-merge
configure:3249: found /usr/bin/intltool-merge
configure:3261: result: /usr/bin/intltool-merge
configure:3271: checking for intltool-extract
configure:3289: found /usr/bin/intltool-extract
configure:3301: result: /usr/bin/intltool-extract
configure:3455: checking for xgettext
configure:3473: found /usr/bin/xgettext
configure:3485: result: /usr/bin/xgettext
configure:3495: checking for msgmerge
configure:3513: found /usr/bin/msgmerge
configure:3525: result: /usr/bin/msgmerge
configure:3535: checking for msgfmt
configure:3553: found /usr/bin/msgfmt
configure:3565: result: /usr/bin/msgfmt
configure:3575: checking for gmsgfmt
configure:3606: result: /usr/bin/msgfmt
configure:3626: checking for perl
configure:3644: found /usr/bin/perl
configure:3656: result: /usr/bin/perl
configure:3667: checking for perl >= 5.8.1
configure:3674: result: 5.22.1
configure:3678: checking for XML::Parser
configure:3681: result: ok
configure:3743: checking for gcc
configure:3759: found /usr/bin/gcc
configure:3770: result: gcc
configure:3999: checking for C compiler version
configure:4008: gcc --version >&5
gcc (Ubuntu 5.4.0-6ubuntu1~16.04.2) 5.4.0 20160609
Copyright (C) 2015 Free Software Foundation, Inc.
This is free software; see the source for copying conditions.  There is NO
warranty; not even for MERCHANTABILITY or FITNESS FOR A PARTICULAR PURPOSE.

configure:4019: $? = 0
configure:4008: gcc -v >&5
Using built-in specs.
COLLECT_GCC=gcc
COLLECT_LTO_WRAPPER=/usr/lib/gcc/x86_64-linux-gnu/5/lto-wrapper
Target: x86_64-linux-gnu
Configured with: ../src/configure -v --with-pkgversion='Ubuntu 5.4.0-6ubuntu1~16.04.2' --with-bugurl=file:///usr/share/doc/gcc-5/README.Bugs --enable-languages=c,ada,c++,java,go,d,fortran,objc,obj-c++ --prefix=/usr --program-suffix=-5 --enable-shared --enable-linker-build-id --libexecdir=/usr/lib --without-included-gettext --enable-threads=posix --libdir=/usr/lib --enable-nls --with-sysroot=/ --enable-clocale=gnu --enable-libstdcxx-debug --enable-libstdcxx-time=yes --with-default-libstdcxx-abi=new --enable-gnu-unique-object --disable-vtable-verify --enable-libmpx --enable-plugin --with-system-zlib --disable-browser-plugin --enable-java-awt=gtk --enable-gtk-cairo --with-java-home=/usr/lib/jvm/java-1.5.0-gcj-5-amd64/jre --enable-java-home --with-jvm-root-dir=/usr/lib/jvm/java-1.5.0-gcj-5-amd64 --with-jvm-jar-dir=/usr/lib/jvm-exports/java-1.5.0-gcj-5-amd64 --with-arch-directory=amd64 --with-ecj-jar=/usr/share/java/eclipse-ecj.jar --enable-objc-gc --enable-multiarch --disable-werror --with-arch-32=i686 --with-abi=m64 --with-multilib-list=m32,m64,mx32 --enable-multilib --with-tune=generic --enable-checking=release --build=x86_64-linux-gnu --host=x86_64-linux-gnu --target=x86_64-linux-gnu
Thread model: posix
gcc version 5.4.0 20160609 (Ubuntu 5.4.0-6ubuntu1~16.04.2) 
configure:4019: $? = 0
configure:4008: gcc -V >&5
gcc: error: unrecognized command line option '-V'
gcc: fatal error: no input files
compilation terminated.
configure:4019: $? = 1
configure:4008: gcc -qversion >&5
gcc: error: unrecognized command line option '-qversion'
gcc: fatal error: no input files
compilation terminated.
configure:4019: $? = 1
configure:4039: checking whether the C compiler works
configure:4061: gcc    conftest.c  >&5
configure:4065: $? = 0
configure:4113: result: yes
configure:4116: checking for C compiler default output file name
configure:4118: result: a.out
configure:4124: checking for suffix of executables
configure:4131: gcc -o conftest    conftest.c  >&5
configure:4135: $? = 0
configure:4157: result: 
configure:4179: checking whether we are cross compiling
configure:4187: gcc -o conftest    conftest.c  >&5
configure:4191: $? = 0
configure:4198: ./conftest
configure:4202: $? = 0
configure:4217: result: no
configure:4222: checking for suffix of object files
configure:4244: gcc -c   conftest.c >&5
configure:4248: $? = 0
configure:4269: result: o
configure:4273: checking whether we are using the GNU C compiler
configure:4292: gcc -c   conftest.c >&5
configure:4292: $? = 0
configure:4301: result: yes
configure:4310: checking whether gcc accepts -g
configure:4330: gcc -c -g  conftest.c >&5
configure:4330: $? = 0
configure:4371: result: yes
configure:4388: checking for gcc option to accept ISO C89
configure:4451: gcc  -c -g -O2  conftest.c >&5
configure:4451: $? = 0
configure:4464: result: none needed
configure:4489: checking whether gcc understands -c and -o together
configure:4511: gcc -c conftest.c -o conftest2.o
configure:4514: $? = 0
configure:4511: gcc -c conftest.c -o conftest2.o
configure:4514: $? = 0
configure:4526: result: yes
configure:4554: checking for style of include used by make
configure:4582: result: GNU
configure:4608: checking dependency style of gcc
configure:4719: result: gcc3
configure:4739: checking for ZENITY
configure:4746: $PKG_CONFIG --exists --print-errors "gtk+-2.0 >= $GTK_REQUIRED libglade-2.0 libgnomecanvas-2.0 glib-2.0"
Package libglade-2.0 was not found in the pkg-config search path.
Perhaps you should add the directory containing `libglade-2.0.pc'
to the PKG_CONFIG_PATH environment variable
No package 'libglade-2.0' found
Package libgnomecanvas-2.0 was not found in the pkg-config search path.
Perhaps you should add the directory containing `libgnomecanvas-2.0.pc'
to the PKG_CONFIG_PATH environment variable
No package 'libgnomecanvas-2.0' found
configure:4749: $? = 1
configure:4763: $PKG_CONFIG --exists --print-errors "gtk+-2.0 >= $GTK_REQUIRED libglade-2.0 libgnomecanvas-2.0 glib-2.0"
Package libglade-2.0 was not found in the pkg-config search path.
Perhaps you should add the directory containing `libglade-2.0.pc'
to the PKG_CONFIG_PATH environment variable
No package 'libglade-2.0' found
Package libgnomecanvas-2.0 was not found in the pkg-config search path.
Perhaps you should add the directory containing `libgnomecanvas-2.0.pc'
to the PKG_CONFIG_PATH environment variable
No package 'libgnomecanvas-2.0' found
configure:4766: $? = 1
configure:4780: result: no
No package 'libglade-2.0' found
No package 'libgnomecanvas-2.0' found
configure:4796: error: Package requirements (gtk+-2.0 >= 2.9.2 libglade-2.0 libgnomecanvas-2.0 glib-2.0) were not met:

No package 'libglade-2.0' found
No package 'libgnomecanvas-2.0' found

Consider adjusting the PKG_CONFIG_PATH environment variable if you
installed software in a non-standard prefix.

Alternatively, you may set the environment variables ZENITY_CFLAGS
and ZENITY_LIBS to avoid the need to call pkg-config.
See the pkg-config man page for more details.

## ---------------- ##
## Cache variables. ##
## ---------------- ##

ac_cv_c_compiler_gnu=yes
ac_cv_env_CC_set=
ac_cv_env_CC_value=
ac_cv_env_CFLAGS_set=
ac_cv_env_CFLAGS_value=
ac_cv_env_CPPFLAGS_set=
ac_cv_env_CPPFLAGS_value=
ac_cv_env_CPP_set=
ac_cv_env_CPP_value=
ac_cv_env_LDFLAGS_set=
ac_cv_env_LDFLAGS_value=
ac_cv_env_LIBNOTIFY_CFLAGS_set=
ac_cv_env_LIBNOTIFY_CFLAGS_value=
ac_cv_env_LIBNOTIFY_LIBS_set=
ac_cv_env_LIBNOTIFY_LIBS_value=
ac_cv_env_LIBS_set=
ac_cv_env_LIBS_value=
ac_cv_env_PKG_CONFIG_LIBDIR_set=
ac_cv_env_PKG_CONFIG_LIBDIR_value=
ac_cv_env_PKG_CONFIG_PATH_set=
ac_cv_env_PKG_CONFIG_PATH_value=
ac_cv_env_PKG_CONFIG_set=
ac_cv_env_PKG_CONFIG_value=
ac_cv_env_ZENITY_CFLAGS_set=
ac_cv_env_ZENITY_CFLAGS_value=
ac_cv_env_ZENITY_LIBS_set=
ac_cv_env_ZENITY_LIBS_value=
ac_cv_env_build_alias_set=
ac_cv_env_build_alias_value=
ac_cv_env_host_alias_set=
ac_cv_env_host_alias_value=
ac_cv_env_target_alias_set=
ac_cv_env_target_alias_value=
ac_cv_objext=o
ac_cv_path_GMSGFMT=/usr/bin/msgfmt
ac_cv_path_INTLTOOL_EXTRACT=/usr/bin/intltool-extract
ac_cv_path_INTLTOOL_MERGE=/usr/bin/intltool-merge
ac_cv_path_INTLTOOL_PERL=/usr/bin/perl
ac_cv_path_INTLTOOL_UPDATE=/usr/bin/intltool-update
ac_cv_path_MSGFMT=/usr/bin/msgfmt
ac_cv_path_MSGMERGE=/usr/bin/msgmerge
ac_cv_path_XGETTEXT=/usr/bin/xgettext
ac_cv_path_ac_pt_PKG_CONFIG=/usr/bin/pkg-config
ac_cv_path_install='/usr/bin/install -c'
ac_cv_path_mkdir=/bin/mkdir
ac_cv_prog_AWK=gawk
ac_cv_prog_ac_ct_CC=gcc
ac_cv_prog_cc_c89=
ac_cv_prog_cc_g=yes
ac_cv_prog_make_make_set=yes
am_cv_CC_dependencies_compiler_type=gcc3
am_cv_make_support_nested_variables=yes
am_cv_prog_cc_c_o=yes
gdu_cv_have_gdu=yes
gdu_cv_version_required=0.3.2

## ----------------- ##
## Output variables. ##
## ----------------- ##

ACLOCAL='${SHELL} /home/smerkous/Desktop/usbstorage/gallium/update/src/zenity-2.20.1/missing aclocal-1.15'
ACLOCAL_AMFLAGS='${ACLOCAL_FLAGS}'
ALL_LINGUAS=''
AMDEPBACKSLASH='\'
AMDEP_FALSE='#'
AMDEP_TRUE=''
AMTAR='$${TAR-tar}'
AM_BACKSLASH='\'
AM_CFLAGS=''
AM_CPPFLAGS=''
AM_DEFAULT_V='$(AM_DEFAULT_VERBOSITY)'
AM_DEFAULT_VERBOSITY='1'
AM_LDFLAGS=''
AM_V='$(V)'
AUTOCONF='${SHELL} /home/smerkous/Desktop/usbstorage/gallium/update/src/zenity-2.20.1/missing autoconf'
AUTOHEADER='${SHELL} /home/smerkous/Desktop/usbstorage/gallium/update/src/zenity-2.20.1/missing autoheader'
AUTOMAKE='${SHELL} /home/smerkous/Desktop/usbstorage/gallium/update/src/zenity-2.20.1/missing automake-1.15'
AWK='gawk'
CATALOGS=''
CATOBJEXT=''
CC='gcc'
CCDEPMODE='depmode=gcc3'
CFLAGS='-g -O2'
CPP=''
CPPFLAGS=''
CYGPATH_W='echo'
DATADIRNAME=''
DEFS=''
DEPDIR='.deps'
DISTCHECK_CONFIGURE_FLAGS='--disable-scrollkeeper '
DOC_USER_FORMATS=''
ECHO_C=''
ECHO_N='-n'
ECHO_T=''
EGREP=''
ENABLE_SK_FALSE='#'
ENABLE_SK_TRUE=''
EXEEXT=''
GETTEXT_PACKAGE=''
GMOFILES=''
GMSGFMT='/usr/bin/msgfmt'
GREP=''
HAVE_GNOME_DOC_UTILS_FALSE='#'
HAVE_GNOME_DOC_UTILS_TRUE=''
HELP_DIR='${datadir}/gnome/help'
INSTALL_DATA='${INSTALL} -m 644'
INSTALL_PROGRAM='${INSTALL}'
INSTALL_SCRIPT='${INSTALL}'
INSTALL_STRIP_PROGRAM='$(install_sh) -c -s'
INSTOBJEXT=''
INTLLIBS=''
INTLTOOL_CAVES_RULE='%.caves:     %.caves.in     $(INTLTOOL_MERGE) $(wildcard $(top_srcdir)/po/*.po) ; $(INTLTOOL_V_MERGE)LC_ALL=C $(INTLTOOL_MERGE) $(INTLTOOL_V_MERGE_OPTIONS) -d -u -c $(top_builddir)/po/.intltool-merge-cache $(top_srcdir)/po $< $@'
INTLTOOL_DESKTOP_RULE='%.desktop:   %.desktop.in   $(INTLTOOL_MERGE) $(wildcard $(top_srcdir)/po/*.po) ; $(INTLTOOL_V_MERGE)LC_ALL=C $(INTLTOOL_MERGE) $(INTLTOOL_V_MERGE_OPTIONS) -d -u -c $(top_builddir)/po/.intltool-merge-cache $(top_srcdir)/po $< $@'
INTLTOOL_DIRECTORY_RULE='%.directory: %.directory.in $(INTLTOOL_MERGE) $(wildcard $(top_srcdir)/po/*.po) ; $(INTLTOOL_V_MERGE)LC_ALL=C $(INTLTOOL_MERGE) $(INTLTOOL_V_MERGE_OPTIONS) -d -u -c $(top_builddir)/po/.intltool-merge-cache $(top_srcdir)/po $< $@'
INTLTOOL_EXTRACT='/usr/bin/intltool-extract'
INTLTOOL_KBD_RULE='%.kbd:       %.kbd.in       $(INTLTOOL_MERGE) $(wildcard $(top_srcdir)/po/*.po) ; $(INTLTOOL_V_MERGE)LC_ALL=C $(INTLTOOL_MERGE) $(INTLTOOL_V_MERGE_OPTIONS) -x -u -m -c $(top_builddir)/po/.intltool-merge-cache $(top_srcdir)/po $< $@'
INTLTOOL_KEYS_RULE='%.keys:      %.keys.in      $(INTLTOOL_MERGE) $(wildcard $(top_srcdir)/po/*.po) ; $(INTLTOOL_V_MERGE)LC_ALL=C $(INTLTOOL_MERGE) $(INTLTOOL_V_MERGE_OPTIONS) -k -u -c $(top_builddir)/po/.intltool-merge-cache $(top_srcdir)/po $< $@'
INTLTOOL_MERGE='/usr/bin/intltool-merge'
INTLTOOL_OAF_RULE='%.oaf:       %.oaf.in       $(INTLTOOL_MERGE) $(wildcard $(top_srcdir)/po/*.po) ; $(INTLTOOL_V_MERGE)LC_ALL=C $(INTLTOOL_MERGE) $(INTLTOOL_V_MERGE_OPTIONS) -o -p $(top_srcdir)/po $< $@'
INTLTOOL_PERL='/usr/bin/perl'
INTLTOOL_POLICY_RULE='%.policy:    %.policy.in    $(INTLTOOL_MERGE) $(wildcard $(top_srcdir)/po/*.po) ; $(INTLTOOL_V_MERGE)LC_ALL=C $(INTLTOOL_MERGE) $(INTLTOOL_V_MERGE_OPTIONS) -x -u -c $(top_builddir)/po/.intltool-merge-cache $(top_srcdir)/po $< $@'
INTLTOOL_PONG_RULE='%.pong:      %.pong.in      $(INTLTOOL_MERGE) $(wildcard $(top_srcdir)/po/*.po) ; $(INTLTOOL_V_MERGE)LC_ALL=C $(INTLTOOL_MERGE) $(INTLTOOL_V_MERGE_OPTIONS) -x -u -c $(top_builddir)/po/.intltool-merge-cache $(top_srcdir)/po $< $@'
INTLTOOL_PROP_RULE='%.prop:      %.prop.in      $(INTLTOOL_MERGE) $(wildcard $(top_srcdir)/po/*.po) ; $(INTLTOOL_V_MERGE)LC_ALL=C $(INTLTOOL_MERGE) $(INTLTOOL_V_MERGE_OPTIONS) -d -u -c $(top_builddir)/po/.intltool-merge-cache $(top_srcdir)/po $< $@'
INTLTOOL_SCHEMAS_RULE='%.schemas:   %.schemas.in   $(INTLTOOL_MERGE) $(wildcard $(top_srcdir)/po/*.po) ; $(INTLTOOL_V_MERGE)LC_ALL=C $(INTLTOOL_MERGE) $(INTLTOOL_V_MERGE_OPTIONS) -s -u -c $(top_builddir)/po/.intltool-merge-cache $(top_srcdir)/po $< $@'
INTLTOOL_SERVER_RULE='%.server:    %.server.in    $(INTLTOOL_MERGE) $(wildcard $(top_srcdir)/po/*.po) ; $(INTLTOOL_V_MERGE)LC_ALL=C $(INTLTOOL_MERGE) $(INTLTOOL_V_MERGE_OPTIONS) -o -u -c $(top_builddir)/po/.intltool-merge-cache $(top_srcdir)/po $< $@'
INTLTOOL_SERVICE_RULE='%.service: %.service.in   $(INTLTOOL_MERGE) $(wildcard $(top_srcdir)/po/*.po) ; $(INTLTOOL_V_MERGE)LC_ALL=C $(INTLTOOL_MERGE) $(INTLTOOL_V_MERGE_OPTIONS) -d -u -c $(top_builddir)/po/.intltool-merge-cache $(top_srcdir)/po $< $@'
INTLTOOL_SHEET_RULE='%.sheet:     %.sheet.in     $(INTLTOOL_MERGE) $(wildcard $(top_srcdir)/po/*.po) ; $(INTLTOOL_V_MERGE)LC_ALL=C $(INTLTOOL_MERGE) $(INTLTOOL_V_MERGE_OPTIONS) -x -u -c $(top_builddir)/po/.intltool-merge-cache $(top_srcdir)/po $< $@'
INTLTOOL_SOUNDLIST_RULE='%.soundlist: %.soundlist.in $(INTLTOOL_MERGE) $(wildcard $(top_srcdir)/po/*.po) ; $(INTLTOOL_V_MERGE)LC_ALL=C $(INTLTOOL_MERGE) $(INTLTOOL_V_MERGE_OPTIONS) -d -u -c $(top_builddir)/po/.intltool-merge-cache $(top_srcdir)/po $< $@'
INTLTOOL_THEME_RULE='%.theme:     %.theme.in     $(INTLTOOL_MERGE) $(wildcard $(top_srcdir)/po/*.po) ; $(INTLTOOL_V_MERGE)LC_ALL=C $(INTLTOOL_MERGE) $(INTLTOOL_V_MERGE_OPTIONS) -d -u -c $(top_builddir)/po/.intltool-merge-cache $(top_srcdir)/po $< $@'
INTLTOOL_UI_RULE='%.ui:        %.ui.in        $(INTLTOOL_MERGE) $(wildcard $(top_srcdir)/po/*.po) ; $(INTLTOOL_V_MERGE)LC_ALL=C $(INTLTOOL_MERGE) $(INTLTOOL_V_MERGE_OPTIONS) -x -u -c $(top_builddir)/po/.intltool-merge-cache $(top_srcdir)/po $< $@'
INTLTOOL_UPDATE='/usr/bin/intltool-update'
INTLTOOL_V_MERGE='$(INTLTOOL__v_MERGE_$(V))'
INTLTOOL_V_MERGE_OPTIONS='$(intltool__v_merge_options_$(V))'
INTLTOOL_XAM_RULE='%.xam:       %.xml.in       $(INTLTOOL_MERGE) $(wildcard $(top_srcdir)/po/*.po) ; $(INTLTOOL_V_MERGE)LC_ALL=C $(INTLTOOL_MERGE) $(INTLTOOL_V_MERGE_OPTIONS) -x -u -c $(top_builddir)/po/.intltool-merge-cache $(top_srcdir)/po $< $@'
INTLTOOL_XML_NOMERGE_RULE='%.xml:       %.xml.in       $(INTLTOOL_MERGE) ; $(INTLTOOL_V_MERGE)LC_ALL=C $(INTLTOOL_MERGE) $(INTLTOOL_V_MERGE_OPTIONS) -x -u --no-translations $< $@'
INTLTOOL_XML_RULE='%.xml:       %.xml.in       $(INTLTOOL_MERGE) $(wildcard $(top_srcdir)/po/*.po) ; $(INTLTOOL_V_MERGE)LC_ALL=C $(INTLTOOL_MERGE) $(INTLTOOL_V_MERGE_OPTIONS) -x -u -c $(top_builddir)/po/.intltool-merge-cache $(top_srcdir)/po $< $@'
INTLTOOL__v_MERGE_0='@echo "  ITMRG " $@;'
INTLTOOL__v_MERGE_='$(INTLTOOL__v_MERGE_$(AM_DEFAULT_VERBOSITY))'
LDFLAGS=''
LIBNOTIFY_CFLAGS=''
LIBNOTIFY_LIBS=''
LIBOBJS=''
LIBS=''
LN_S='ln -s'
LTLIBOBJS=''
MAINT='#'
MAINTAINER_MODE_FALSE=''
MAINTAINER_MODE_TRUE='#'
MAKEINFO='${SHELL} /home/smerkous/Desktop/usbstorage/gallium/update/src/zenity-2.20.1/missing makeinfo'
MKDIR_P='/bin/mkdir -p'
MKINSTALLDIRS=''
MSGFMT='/usr/bin/msgfmt'
MSGFMT_OPTS=''
MSGMERGE='/usr/bin/msgmerge'
OBJEXT='o'
OMF_DIR='${datadir}/omf'
PACKAGE='zenity'
PACKAGE_BUGREPORT='http://bugzilla.gnome.org/enter_bug.cgi?product=zenity'
PACKAGE_NAME='Zenity'
PACKAGE_STRING='Zenity 2.20.1'
PACKAGE_TARNAME='zenity'
PACKAGE_URL=''
PACKAGE_VERSION='2.20.1'
PATH_SEPARATOR=':'
PERL=''
PKG_CONFIG='/usr/bin/pkg-config'
PKG_CONFIG_LIBDIR=''
PKG_CONFIG_PATH=''
POFILES=''
POSUB=''
PO_IN_DATADIR_FALSE=''
PO_IN_DATADIR_TRUE=''
SET_MAKE=''
SHELL='/bin/bash'
STRIP=''
USE_NLS='yes'
VERSION='2.20.1'
WARN_CFLAGS=''
XGETTEXT='/usr/bin/xgettext'
ZENITY_CFLAGS=''
ZENITY_LIBS=''
ac_ct_CC='gcc'
am__EXEEXT_FALSE=''
am__EXEEXT_TRUE=''
am__fastdepCC_FALSE='#'
am__fastdepCC_TRUE=''
am__include='include'
am__isrc=''
am__leading_dot='.'
am__nodep='_no'
am__quote=''
am__tar='$${TAR-tar} chof - "$$tardir"'
am__untar='$${TAR-tar} xf -'
bindir='${exec_prefix}/bin'
build_alias=''
datadir='${datarootdir}'
datarootdir='${prefix}/share'
docdir='${datarootdir}/doc/${PACKAGE_TARNAME}'
dvidir='${docdir}'
exec_prefix='NONE'
host_alias=''
htmldir='${docdir}'
includedir='${prefix}/include'
infodir='${datarootdir}/info'
install_sh='${SHELL} /home/smerkous/Desktop/usbstorage/gallium/update/src/zenity-2.20.1/install-sh'
intltool__v_merge_options_0='-q'
intltool__v_merge_options_='$(intltool__v_merge_options_$(AM_DEFAULT_VERBOSITY))'
libdir='${exec_prefix}/lib'
libexecdir='${exec_prefix}/libexec'
localedir='${datarootdir}/locale'
localstatedir='${prefix}/var'
mandir='${datarootdir}/man'
mkdir_p='$(MKDIR_P)'
oldincludedir='/usr/include'
pdfdir='${docdir}'
prefix='/usr'
program_transform_name='s,x,x,'
psdir='${docdir}'
runstatedir='${localstatedir}/run'
sbindir='${exec_prefix}/sbin'
sharedstatedir='${prefix}/com'
sysconfdir='${prefix}/etc'
target_alias=''

## ----------- ##
## confdefs.h. ##
## ----------- ##

/* confdefs.h */
#define PACKAGE_NAME "Zenity"
#define PACKAGE_TARNAME "zenity"
#define PACKAGE_VERSION "2.20.1"
#define PACKAGE_STRING "Zenity 2.20.1"
#define PACKAGE_BUGREPORT "http://bugzilla.gnome.org/enter_bug.cgi?product=zenity"
#define PACKAGE_URL ""
#define PACKAGE "zenity"
#define VERSION "2.20.1"

configure: exit 1
